[INFO ] [2021-01-05 21:56:12,225] Register - TC01: Open home page
[INFO ] [2021-01-05 21:56:12,231] Register - TC02: Click Register link
[INFO ] [2021-01-05 21:56:17,269] Register - TC03: Click Gender Male radio button
[INFO ] [2021-01-05 21:56:17,407] Register - TC04: Input Firstname
[INFO ] [2021-01-05 21:56:18,139] Register - TC05: Input Lastname 
[INFO ] [2021-01-05 21:56:18,845] Register - TC06: Select day
[INFO ] [2021-01-05 21:56:19,015] Register - TC07: Select month
[INFO ] [2021-01-05 21:56:19,203] Register - TC08: Select year 
[INFO ] [2021-01-05 21:56:19,365] Register - TC09: Input email
[INFO ] [2021-01-05 21:56:20,110] Register - TC10: Input company name
[INFO ] [2021-01-05 21:56:20,839] Register - TC11: Input password
[INFO ] [2021-01-05 21:56:21,543] Register - TC12: Input confirm password
[INFO ] [2021-01-05 21:56:22,249] Register - TC13: Click Register button
[INFO ] [2021-01-05 21:56:26,174] Register - TC14: Verify
[INFO ] [2021-01-05 21:56:26,271] Register - TC15: Click log out link
[INFO ] [2021-01-05 21:56:28,458] Register - TC01: Open Login page
[INFO ] [2021-01-05 21:56:29,867] Register - TC02: Input email
[INFO ] [2021-01-05 21:56:30,597] Register - TC03: Input password
[INFO ] [2021-01-05 21:56:31,286] Register - TC04: Click Login button
[INFO ] [2021-01-05 21:56:34,009] Register - TC05: Verify my account link
[INFO ] [2021-01-05 21:56:34,107] Register - TC06: Verify logout link
[INFO ] [2021-01-05 21:56:34,172] Register - TC07: verify Register link is undisplayed 
[INFO ] [2021-01-05 21:56:44,294] Register - TC08: verify Login link is undisplayed
[INFO ] [2021-01-05 21:56:54,394] Register - TC09: Click my account link
[INFO ] [2021-01-05 22:05:45,739] Register - TC01: Open home page
[INFO ] [2021-01-05 22:05:45,756] Register - TC02: Click Register link
[INFO ] [2021-01-05 22:05:47,015] Register - TC03: Click Gender Male radio button
[INFO ] [2021-01-05 22:05:47,176] Register - TC04: Input Firstname
[INFO ] [2021-01-05 22:05:47,903] Register - TC05: Input Lastname 
[INFO ] [2021-01-05 22:05:48,605] Register - TC06: Select day
[INFO ] [2021-01-05 22:05:48,781] Register - TC07: Select month
[INFO ] [2021-01-05 22:05:48,950] Register - TC08: Select year 
[INFO ] [2021-01-05 22:05:49,112] Register - TC09: Input email
[INFO ] [2021-01-05 22:05:49,865] Register - TC10: Input company name
[INFO ] [2021-01-05 22:05:50,571] Register - TC11: Input password
[INFO ] [2021-01-05 22:05:51,298] Register - TC12: Input confirm password
[INFO ] [2021-01-05 22:05:52,016] Register - TC13: Click Register button
[INFO ] [2021-01-05 22:05:54,641] Register - TC14: Verify
[INFO ] [2021-01-05 22:05:54,758] Register - TC15: Click log out link
[INFO ] [2021-01-05 22:05:57,555] Register - TC01: Open Login page
[INFO ] [2021-01-05 22:05:58,243] Register - TC02: Input email
[INFO ] [2021-01-05 22:05:58,983] Register - TC03: Input password
[INFO ] [2021-01-05 22:05:59,673] Register - TC04: Click Login button
[INFO ] [2021-01-05 22:06:00,891] Register - TC05: Verify my account link
[INFO ] [2021-01-05 22:06:00,994] Register - TC06: Verify logout link
[INFO ] [2021-01-05 22:06:01,062] Register - TC07: verify Register link is undisplayed 
[INFO ] [2021-01-05 22:06:11,159] Register - TC08: verify Login link is undisplayed
[INFO ] [2021-01-05 22:06:21,310] Register - TC09: Click my account link
2021-01-05 22:13:21,877 INFO  com.nopcommerce.users.Level_10_Register_Login_Verify_Log_Report_HTML - Register - TC01: Open home page
2021-01-05 22:13:21,890 INFO  com.nopcommerce.users.Level_10_Register_Login_Verify_Log_Report_HTML - Register - TC02: Click Register link
2021-01-05 22:13:26,645 INFO  com.nopcommerce.users.Level_10_Register_Login_Verify_Log_Report_HTML - Register - TC03: Click Gender Male radio button
2021-01-05 22:13:26,781 INFO  com.nopcommerce.users.Level_10_Register_Login_Verify_Log_Report_HTML - Register - TC04: Input Firstname
2021-01-05 22:13:27,496 INFO  com.nopcommerce.users.Level_10_Register_Login_Verify_Log_Report_HTML - Register - TC05: Input Lastname 
2021-01-05 22:13:28,203 INFO  com.nopcommerce.users.Level_10_Register_Login_Verify_Log_Report_HTML - Register - TC06: Select day
2021-01-05 22:13:28,377 INFO  com.nopcommerce.users.Level_10_Register_Login_Verify_Log_Report_HTML - Register - TC07: Select month
2021-01-05 22:13:28,543 INFO  com.nopcommerce.users.Level_10_Register_Login_Verify_Log_Report_HTML - Register - TC08: Select year 
2021-01-05 22:13:28,708 INFO  com.nopcommerce.users.Level_10_Register_Login_Verify_Log_Report_HTML - Register - TC09: Input email
2021-01-05 22:13:29,473 INFO  com.nopcommerce.users.Level_10_Register_Login_Verify_Log_Report_HTML - Register - TC10: Input company name
2021-01-05 22:13:30,210 INFO  com.nopcommerce.users.Level_10_Register_Login_Verify_Log_Report_HTML - Register - TC11: Input password
2021-01-05 22:13:30,920 INFO  com.nopcommerce.users.Level_10_Register_Login_Verify_Log_Report_HTML - Register - TC12: Input confirm password
2021-01-05 22:13:31,626 INFO  com.nopcommerce.users.Level_10_Register_Login_Verify_Log_Report_HTML - Register - TC13: Click Register button
2021-01-05 22:13:35,317 INFO  com.nopcommerce.users.Level_10_Register_Login_Verify_Log_Report_HTML - Register - TC14: Verify
2021-01-05 22:13:35,452 INFO  com.nopcommerce.users.Level_10_Register_Login_Verify_Log_Report_HTML - Register - TC15: Click log out link
2021-01-05 22:13:38,548 INFO  com.nopcommerce.users.Level_10_Register_Login_Verify_Log_Report_HTML - Register - TC01: Open Login page
2021-01-05 22:13:39,933 INFO  com.nopcommerce.users.Level_10_Register_Login_Verify_Log_Report_HTML - Register - TC02: Input email
2021-01-05 22:13:40,682 INFO  com.nopcommerce.users.Level_10_Register_Login_Verify_Log_Report_HTML - Register - TC03: Input password
2021-01-05 22:13:41,382 INFO  com.nopcommerce.users.Level_10_Register_Login_Verify_Log_Report_HTML - Register - TC04: Click Login button
2021-01-05 22:13:46,107 INFO  com.nopcommerce.users.Level_10_Register_Login_Verify_Log_Report_HTML - Register - TC05: Verify my account link
2021-01-05 22:13:46,204 INFO  com.nopcommerce.users.Level_10_Register_Login_Verify_Log_Report_HTML - Register - TC06: Verify logout link
2021-01-05 22:13:46,270 INFO  com.nopcommerce.users.Level_10_Register_Login_Verify_Log_Report_HTML - Register - TC07: verify Register link is undisplayed 
2021-01-05 22:13:56,394 INFO  com.nopcommerce.users.Level_10_Register_Login_Verify_Log_Report_HTML - Register - TC08: verify Login link is undisplayed
2021-01-05 22:14:06,536 INFO  com.nopcommerce.users.Level_10_Register_Login_Verify_Log_Report_HTML - Register - TC09: Click my account link
2021-01-05 23:17:07,195 INFO  com.nopcommerce.users.Level_10_Register_Login_Verify_Log_Report_HTML - Register - TC01: Open home page
2021-01-05 23:17:07,201 INFO  com.nopcommerce.users.Level_10_Register_Login_Verify_Log_Report_HTML - Register - TC02: Click Register link
2021-01-05 23:17:09,188 INFO  com.nopcommerce.users.Level_10_Register_Login_Verify_Log_Report_HTML - Register - TC03: Click Gender Male radio button
2021-01-05 23:17:09,343 INFO  com.nopcommerce.users.Level_10_Register_Login_Verify_Log_Report_HTML - Register - TC04: Input Firstname
2021-01-05 23:17:10,072 INFO  com.nopcommerce.users.Level_10_Register_Login_Verify_Log_Report_HTML - Register - TC05: Input Lastname 
2021-01-05 23:17:10,766 INFO  com.nopcommerce.users.Level_10_Register_Login_Verify_Log_Report_HTML - Register - TC06: Select day
2021-01-05 23:17:10,942 INFO  com.nopcommerce.users.Level_10_Register_Login_Verify_Log_Report_HTML - Register - TC07: Select month
2021-01-05 23:17:11,121 INFO  com.nopcommerce.users.Level_10_Register_Login_Verify_Log_Report_HTML - Register - TC08: Select year 
2021-01-05 23:17:11,289 INFO  com.nopcommerce.users.Level_10_Register_Login_Verify_Log_Report_HTML - Register - TC09: Input email
2021-01-05 23:17:12,041 INFO  com.nopcommerce.users.Level_10_Register_Login_Verify_Log_Report_HTML - Register - TC10: Input company name
2021-01-05 23:17:12,779 INFO  com.nopcommerce.users.Level_10_Register_Login_Verify_Log_Report_HTML - Register - TC11: Input password
2021-01-05 23:17:13,508 INFO  com.nopcommerce.users.Level_10_Register_Login_Verify_Log_Report_HTML - Register - TC12: Input confirm password
2021-01-05 23:17:14,211 INFO  com.nopcommerce.users.Level_10_Register_Login_Verify_Log_Report_HTML - Register - TC13: Click Register button
2021-01-05 23:17:16,163 INFO  com.nopcommerce.users.Level_10_Register_Login_Verify_Log_Report_HTML - Register - TC14: Verify
2021-01-05 23:17:16,300 INFO  com.nopcommerce.users.Level_10_Register_Login_Verify_Log_Report_HTML - Register - TC15: Click log out link
2021-01-05 23:17:19,112 INFO  com.nopcommerce.users.Level_10_Register_Login_Verify_Log_Report_HTML - Register - TC01: Open Login page
2021-01-05 23:17:19,799 INFO  com.nopcommerce.users.Level_10_Register_Login_Verify_Log_Report_HTML - Register - TC02: Input email
2021-01-05 23:17:20,552 INFO  com.nopcommerce.users.Level_10_Register_Login_Verify_Log_Report_HTML - Register - TC03: Input password
2021-01-05 23:17:21,257 INFO  com.nopcommerce.users.Level_10_Register_Login_Verify_Log_Report_HTML - Register - TC04: Click Login button
2021-01-05 23:17:23,289 INFO  com.nopcommerce.users.Level_10_Register_Login_Verify_Log_Report_HTML - Register - TC05: Verify my account link
2021-01-05 23:17:23,379 INFO  com.nopcommerce.users.Level_10_Register_Login_Verify_Log_Report_HTML - Register - TC06: Verify logout link
2021-01-05 23:17:23,446 INFO  com.nopcommerce.users.Level_10_Register_Login_Verify_Log_Report_HTML - Register - TC07: verify Register link is undisplayed 
2021-01-05 23:17:33,643 INFO  com.nopcommerce.users.Level_10_Register_Login_Verify_Log_Report_HTML - Register - TC08: verify Login link is undisplayed
2021-01-05 23:17:43,730 INFO  com.nopcommerce.users.Level_10_Register_Login_Verify_Log_Report_HTML - Register - TC09: Click my account link
2021-01-06 22:17:01,189 INFO  com.nopcommerce.users.Level_10_Register_Login_Verify_Log_Report_HTML - Register - TC01: Open home page
2021-01-06 22:17:01,203 INFO  com.nopcommerce.users.Level_10_Register_Login_Verify_Log_Report_HTML - Register - TC02: Click Register link
2021-01-06 22:17:04,697 INFO  com.nopcommerce.users.Level_10_Register_Login_Verify_Log_Report_HTML - Register - TC03: Click Gender Male radio button
2021-01-06 22:17:04,842 INFO  com.nopcommerce.users.Level_10_Register_Login_Verify_Log_Report_HTML - Register - TC04: Input Firstname
2021-01-06 22:17:05,556 INFO  com.nopcommerce.users.Level_10_Register_Login_Verify_Log_Report_HTML - Register - TC05: Input Lastname 
2021-01-06 22:17:06,253 INFO  com.nopcommerce.users.Level_10_Register_Login_Verify_Log_Report_HTML - Register - TC06: Select day
2021-01-06 22:17:06,429 INFO  com.nopcommerce.users.Level_10_Register_Login_Verify_Log_Report_HTML - Register - TC07: Select month
2021-01-06 22:17:06,591 INFO  com.nopcommerce.users.Level_10_Register_Login_Verify_Log_Report_HTML - Register - TC08: Select year 
2021-01-06 22:17:06,748 INFO  com.nopcommerce.users.Level_10_Register_Login_Verify_Log_Report_HTML - Register - TC09: Input email
2021-01-06 22:17:07,500 INFO  com.nopcommerce.users.Level_10_Register_Login_Verify_Log_Report_HTML - Register - TC10: Input company name
2021-01-06 22:17:08,202 INFO  com.nopcommerce.users.Level_10_Register_Login_Verify_Log_Report_HTML - Register - TC11: Input password
2021-01-06 22:17:08,922 INFO  com.nopcommerce.users.Level_10_Register_Login_Verify_Log_Report_HTML - Register - TC12: Input confirm password
2021-01-06 22:17:09,624 INFO  com.nopcommerce.users.Level_10_Register_Login_Verify_Log_Report_HTML - Register - TC13: Click Register button
2021-01-06 22:17:13,243 INFO  com.nopcommerce.users.Level_10_Register_Login_Verify_Log_Report_HTML - Register - TC14: Verify
2021-01-06 22:17:13,362 INFO  com.nopcommerce.users.Level_10_Register_Login_Verify_Log_Report_HTML - Register - TC15: Click log out link
2021-01-06 22:17:17,769 INFO  com.nopcommerce.users.Level_10_Register_Login_Verify_Log_Report_HTML - Register - TC01: Open Login page
2021-01-06 22:17:19,366 INFO  com.nopcommerce.users.Level_10_Register_Login_Verify_Log_Report_HTML - Register - TC02: Input email
2021-01-06 22:17:20,131 INFO  com.nopcommerce.users.Level_10_Register_Login_Verify_Log_Report_HTML - Register - TC03: Input password
2021-01-06 22:17:20,818 INFO  com.nopcommerce.users.Level_10_Register_Login_Verify_Log_Report_HTML - Register - TC04: Click Login button
2021-01-06 22:17:22,110 INFO  com.nopcommerce.users.Level_10_Register_Login_Verify_Log_Report_HTML - Register - TC05: Verify my account link
2021-01-06 22:17:22,205 INFO  com.nopcommerce.users.Level_10_Register_Login_Verify_Log_Report_HTML - Register - TC06: Verify logout link
2021-01-06 22:17:22,282 INFO  com.nopcommerce.users.Level_10_Register_Login_Verify_Log_Report_HTML - Register - TC07: verify Register link is undisplayed 
2021-01-06 22:17:32,387 INFO  com.nopcommerce.users.Level_10_Register_Login_Verify_Log_Report_HTML - Register - TC08: verify Login link is undisplayed
2021-01-06 22:17:42,566 INFO  com.nopcommerce.users.Level_10_Register_Login_Verify_Log_Report_HTML - Register - TC09: Click my account link
2021-01-12 21:42:44,652 INFO  com.nopcommerce.users.Level_11_Register_Login_Share_Class - Precondition - TC01: Open Login page
2021-01-12 21:42:46,383 INFO  com.nopcommerce.users.Level_11_Register_Login_Share_Class - Precondition - TC02: Input email
2021-01-12 21:42:47,126 INFO  com.nopcommerce.users.Level_11_Register_Login_Share_Class - Precondition - TC03: Input password
2021-01-12 21:42:47,832 INFO  com.nopcommerce.users.Level_11_Register_Login_Share_Class - Precondition - TC04: Click Login button
2021-01-12 22:19:00,612 INFO  com.nopcommerce.users.Level_12_Register_Login_Share_Cookie - Precondition - TC01: Open Login page
2021-01-12 22:19:02,319 INFO  com.nopcommerce.users.Level_12_Register_Login_Share_Cookie - Precondition - login equal to cookie
2021-01-12 22:19:02,405 INFO  com.nopcommerce.users.Level_12_Register_Login_Share_Cookie - Pre-condition - Refresh page
2021-01-14 21:11:00,659 INFO  com.nopcommerce.users.Level_13_Register_Login_Pattern_Object - Register - TC01: Open home page
2021-01-14 21:11:00,661 INFO  com.nopcommerce.users.Level_13_Register_Login_Pattern_Object - Register - TC02: Click Register link
2021-01-14 21:11:04,192 INFO  com.nopcommerce.users.Level_13_Register_Login_Pattern_Object - Register - TC03: Click Gender Male radio button
2021-01-14 21:11:04,332 INFO  com.nopcommerce.users.Level_13_Register_Login_Pattern_Object - Register - TC04: Input Firstname
2021-01-14 21:11:05,031 INFO  com.nopcommerce.users.Level_13_Register_Login_Pattern_Object - Register - TC05: Input Lastname 
2021-01-14 21:11:05,734 INFO  com.nopcommerce.users.Level_13_Register_Login_Pattern_Object - Register - TC06: Select day
2021-01-14 21:11:20,985 INFO  com.nopcommerce.users.Level_13_Register_Login_Pattern_Object - Register - TC01: Open Login page
2021-01-14 21:11:22,726 INFO  com.nopcommerce.users.Level_13_Register_Login_Pattern_Object - Register - TC02: Input email
2021-01-14 21:11:23,477 INFO  com.nopcommerce.users.Level_13_Register_Login_Pattern_Object - Register - TC03: Input password
2021-01-14 21:11:24,163 INFO  com.nopcommerce.users.Level_13_Register_Login_Pattern_Object - Register - TC04: Click Login button
2021-01-14 21:11:26,345 INFO  com.nopcommerce.users.Level_13_Register_Login_Pattern_Object - Register - TC05: Verify my account link
2021-01-14 21:11:41,430 INFO  com.nopcommerce.users.Level_13_Register_Login_Pattern_Object - OS name = windows 7
2021-01-14 21:11:42,304 INFO  com.nopcommerce.users.Level_13_Register_Login_Pattern_Object - ---------- QUIT BROWSER SUCCESS ----------
2021-01-14 21:15:18,592 INFO  com.nopcommerce.users.Level_13_Register_Login_Pattern_Object - OS name = windows 7
2021-01-14 21:15:18,593 INFO  com.nopcommerce.users.Level_13_Register_Login_Pattern_Object - 
2021-01-14 21:16:41,748 INFO  com.nopcommerce.users.Level_13_Register_Login_Pattern_Object - OS name = windows 7
2021-01-14 21:16:41,749 INFO  com.nopcommerce.users.Level_13_Register_Login_Pattern_Object - 
2021-01-14 21:23:50,952 INFO  com.nopcommerce.users.Level_13_Register_Login_Pattern_Object - OS name = windows 7
2021-01-14 21:23:50,953 INFO  com.nopcommerce.users.Level_13_Register_Login_Pattern_Object - 
2021-01-14 21:26:21,280 INFO  com.nopcommerce.users.Level_13_Register_Login_Pattern_Object - Register - TC01: Open home page
2021-01-14 21:26:21,288 INFO  com.nopcommerce.users.Level_13_Register_Login_Pattern_Object - Register - TC02: Click Register link
2021-01-14 21:26:23,441 INFO  com.nopcommerce.users.Level_13_Register_Login_Pattern_Object - Register - TC03: Click Gender Male radio button
2021-01-14 21:26:23,595 INFO  com.nopcommerce.users.Level_13_Register_Login_Pattern_Object - Register - TC04: Input Firstname
2021-01-14 21:26:24,306 INFO  com.nopcommerce.users.Level_13_Register_Login_Pattern_Object - Register - TC05: Input Lastname 
2021-01-14 21:26:25,021 INFO  com.nopcommerce.users.Level_13_Register_Login_Pattern_Object - Register - TC06: Select day
2021-01-14 21:26:25,201 INFO  com.nopcommerce.users.Level_13_Register_Login_Pattern_Object - Register - TC07: Select month
2021-01-14 21:26:25,388 INFO  com.nopcommerce.users.Level_13_Register_Login_Pattern_Object - Register - TC08: Select year 
2021-01-14 21:26:25,549 INFO  com.nopcommerce.users.Level_13_Register_Login_Pattern_Object - Register - TC09: Input email
2021-01-14 21:26:26,323 INFO  com.nopcommerce.users.Level_13_Register_Login_Pattern_Object - Register - TC10: Input company name
2021-01-14 21:26:27,052 INFO  com.nopcommerce.users.Level_13_Register_Login_Pattern_Object - Register - TC11: Input password
2021-01-14 21:26:27,796 INFO  com.nopcommerce.users.Level_13_Register_Login_Pattern_Object - Register - TC12: Input confirm password
2021-01-14 21:26:28,518 INFO  com.nopcommerce.users.Level_13_Register_Login_Pattern_Object - Register - TC13: Click Register button
2021-01-14 21:26:31,288 INFO  com.nopcommerce.users.Level_13_Register_Login_Pattern_Object - Register - TC14: Verify
2021-01-14 21:26:31,394 INFO  com.nopcommerce.users.Level_13_Register_Login_Pattern_Object - Register - TC15: Click log out link
2021-01-14 21:26:32,596 INFO  com.nopcommerce.users.Level_13_Register_Login_Pattern_Object - Register - TC01: Open Login page
2021-01-14 21:26:33,361 INFO  com.nopcommerce.users.Level_13_Register_Login_Pattern_Object - Register - TC02: Input email
2021-01-14 21:26:34,114 INFO  com.nopcommerce.users.Level_13_Register_Login_Pattern_Object - Register - TC03: Input password
2021-01-14 21:26:34,806 INFO  com.nopcommerce.users.Level_13_Register_Login_Pattern_Object - Register - TC04: Click Login button
2021-01-14 21:26:37,858 INFO  com.nopcommerce.users.Level_13_Register_Login_Pattern_Object - Register - TC05: Verify my account link
2021-01-14 21:26:37,954 INFO  com.nopcommerce.users.Level_13_Register_Login_Pattern_Object - Register - TC06: Verify logout link
2021-01-14 21:26:38,023 INFO  com.nopcommerce.users.Level_13_Register_Login_Pattern_Object - Register - TC07: verify Register link is undisplayed 
2021-01-14 21:26:48,146 INFO  com.nopcommerce.users.Level_13_Register_Login_Pattern_Object - Register - TC08: verify Login link is undisplayed
2021-01-14 21:26:58,269 INFO  com.nopcommerce.users.Level_13_Register_Login_Pattern_Object - Register - TC09: Click my account link
2021-01-14 21:26:59,595 INFO  com.nopcommerce.users.Level_13_Register_Login_Pattern_Object - OS name = windows 7
2021-01-14 21:27:00,298 INFO  com.nopcommerce.users.Level_13_Register_Login_Pattern_Object - ---------- QUIT BROWSER SUCCESS ----------
2021-01-14 21:29:22,698 INFO  com.nopcommerce.users.Level_13_Register_Login_Pattern_Object - OS name = windows 7
2021-01-14 21:29:22,699 INFO  com.nopcommerce.users.Level_13_Register_Login_Pattern_Object - 
2021-01-14 21:29:55,840 INFO  com.nopcommerce.users.Level_13_Register_Login_Pattern_Object - Register - TC01: Open home page
2021-01-14 21:29:55,848 INFO  com.nopcommerce.users.Level_13_Register_Login_Pattern_Object - Register - TC02: Click Register link
2021-01-14 21:29:57,765 INFO  com.nopcommerce.users.Level_13_Register_Login_Pattern_Object - Register - TC03: Click Gender Male radio button
2021-01-14 21:29:57,911 INFO  com.nopcommerce.users.Level_13_Register_Login_Pattern_Object - Register - TC04: Input Firstname
2021-01-14 21:29:58,619 INFO  com.nopcommerce.users.Level_13_Register_Login_Pattern_Object - Register - TC05: Input Lastname 
2021-01-14 21:29:59,326 INFO  com.nopcommerce.users.Level_13_Register_Login_Pattern_Object - Register - TC06: Select day
2021-01-14 21:29:59,489 INFO  com.nopcommerce.users.Level_13_Register_Login_Pattern_Object - Register - TC07: Select month
2021-01-14 21:29:59,655 INFO  com.nopcommerce.users.Level_13_Register_Login_Pattern_Object - Register - TC08: Select year 
2021-01-14 21:29:59,802 INFO  com.nopcommerce.users.Level_13_Register_Login_Pattern_Object - Register - TC09: Input email
2021-01-14 21:30:00,541 INFO  com.nopcommerce.users.Level_13_Register_Login_Pattern_Object - Register - TC10: Input company name
2021-01-14 21:30:01,264 INFO  com.nopcommerce.users.Level_13_Register_Login_Pattern_Object - Register - TC11: Input password
2021-01-14 21:30:01,991 INFO  com.nopcommerce.users.Level_13_Register_Login_Pattern_Object - Register - TC12: Input confirm password
2021-01-14 21:30:02,700 INFO  com.nopcommerce.users.Level_13_Register_Login_Pattern_Object - Register - TC13: Click Register button
2021-01-14 21:30:05,456 INFO  com.nopcommerce.users.Level_13_Register_Login_Pattern_Object - Register - TC14: Verify
2021-01-14 21:30:05,588 INFO  com.nopcommerce.users.Level_13_Register_Login_Pattern_Object - Register - TC15: Click log out link
2021-01-14 21:30:08,459 INFO  com.nopcommerce.users.Level_13_Register_Login_Pattern_Object - Register - TC01: Open Login page
2021-01-14 21:30:09,909 INFO  com.nopcommerce.users.Level_13_Register_Login_Pattern_Object - Register - TC02: Input email
2021-01-14 21:30:10,654 INFO  com.nopcommerce.users.Level_13_Register_Login_Pattern_Object - Register - TC03: Input password
2021-01-14 21:30:11,343 INFO  com.nopcommerce.users.Level_13_Register_Login_Pattern_Object - Register - TC04: Click Login button
2021-01-14 21:30:13,370 INFO  com.nopcommerce.users.Level_13_Register_Login_Pattern_Object - Register - TC05: Verify my account link
2021-01-14 21:30:13,466 INFO  com.nopcommerce.users.Level_13_Register_Login_Pattern_Object - Register - TC06: Verify logout link
2021-01-14 21:30:13,533 INFO  com.nopcommerce.users.Level_13_Register_Login_Pattern_Object - Register - TC07: verify Register link is undisplayed 
2021-01-14 21:30:23,679 INFO  com.nopcommerce.users.Level_13_Register_Login_Pattern_Object - Register - TC08: verify Login link is undisplayed
2021-01-14 21:30:33,812 INFO  com.nopcommerce.users.Level_13_Register_Login_Pattern_Object - Register - TC09: Click my account link
2021-01-14 21:30:34,685 INFO  com.nopcommerce.users.Level_13_Register_Login_Pattern_Object - OS name = windows 7
2021-01-14 21:30:35,410 INFO  com.nopcommerce.users.Level_13_Register_Login_Pattern_Object - ---------- QUIT BROWSER SUCCESS ----------
2021-02-20 20:57:36,233 INFO  com.nopcommerce.users.Level_13_Register_Login_Pattern_Object - Register - TC01: Open home page
2021-02-20 20:57:36,253 INFO  com.nopcommerce.users.Level_13_Register_Login_Pattern_Object - Register - TC02: Click Register link
2021-02-20 20:57:38,039 INFO  com.nopcommerce.users.Level_13_Register_Login_Pattern_Object - Register - TC03: Click Gender Male radio button
2021-02-20 20:57:38,212 INFO  com.nopcommerce.users.Level_13_Register_Login_Pattern_Object - Register - TC04: Input Firstname
2021-02-20 20:57:38,928 INFO  com.nopcommerce.users.Level_13_Register_Login_Pattern_Object - Register - TC05: Input Lastname 
2021-02-20 20:57:39,624 INFO  com.nopcommerce.users.Level_13_Register_Login_Pattern_Object - Register - TC06: Select day
2021-02-20 20:57:39,851 INFO  com.nopcommerce.users.Level_13_Register_Login_Pattern_Object - Register - TC07: Select month
2021-02-20 20:57:40,020 INFO  com.nopcommerce.users.Level_13_Register_Login_Pattern_Object - Register - TC08: Select year 
2021-02-20 20:57:40,179 INFO  com.nopcommerce.users.Level_13_Register_Login_Pattern_Object - Register - TC09: Input email
2021-02-20 20:57:40,897 INFO  com.nopcommerce.users.Level_13_Register_Login_Pattern_Object - Register - TC10: Input company name
2021-02-20 20:57:41,607 INFO  com.nopcommerce.users.Level_13_Register_Login_Pattern_Object - Register - TC11: Input password
2021-02-20 20:57:42,332 INFO  com.nopcommerce.users.Level_13_Register_Login_Pattern_Object - Register - TC12: Input confirm password
2021-02-20 20:57:43,032 INFO  com.nopcommerce.users.Level_13_Register_Login_Pattern_Object - Register - TC13: Click Register button
2021-02-20 20:57:45,558 INFO  com.nopcommerce.users.Level_13_Register_Login_Pattern_Object - Register - TC14: Verify
2021-02-20 20:57:45,652 INFO  com.nopcommerce.users.Level_13_Register_Login_Pattern_Object - Register - TC15: Click log out link
2021-02-20 20:57:47,523 INFO  com.nopcommerce.users.Level_13_Register_Login_Pattern_Object - Register - TC01: Open Login page
2021-02-20 20:57:48,188 INFO  com.nopcommerce.users.Level_13_Register_Login_Pattern_Object - Register - TC02: Input email
2021-02-20 20:57:48,927 INFO  com.nopcommerce.users.Level_13_Register_Login_Pattern_Object - Register - TC03: Input password
2021-02-20 20:57:49,620 INFO  com.nopcommerce.users.Level_13_Register_Login_Pattern_Object - Register - TC04: Click Login button
2021-02-20 20:57:51,615 INFO  com.nopcommerce.users.Level_13_Register_Login_Pattern_Object - Register - TC05: Verify my account link
2021-02-20 20:57:51,709 INFO  com.nopcommerce.users.Level_13_Register_Login_Pattern_Object - Register - TC06: Verify logout link
2021-02-20 20:57:51,774 INFO  com.nopcommerce.users.Level_13_Register_Login_Pattern_Object - Register - TC07: verify Register link is undisplayed 
2021-02-20 20:58:01,885 INFO  com.nopcommerce.users.Level_13_Register_Login_Pattern_Object - Register - TC08: verify Login link is undisplayed
2021-02-20 20:58:11,975 INFO  com.nopcommerce.users.Level_13_Register_Login_Pattern_Object - Register - TC09: Click my account link
2021-02-20 20:58:13,137 INFO  com.nopcommerce.users.Level_13_Register_Login_Pattern_Object - OS name = windows 7
2021-02-20 20:58:13,895 INFO  com.nopcommerce.users.Level_13_Register_Login_Pattern_Object - ---------- QUIT BROWSER SUCCESS ----------
